2025-09-17 00:38:13.370 [main] INFO  org.litethinking.restapi.RestApiApplication - Starting REST API Application
2025-09-17 00:38:13.964 [background-preinit] INFO  org.hibernate.validator.internal.util.Version - HV000001: Hibernate Validator 8.0.3.Final
2025-09-17 00:38:14.014 [main] INFO  org.litethinking.restapi.RestApiApplication - Starting RestApiApplication using Java 24 with PID 31792 (D:\TOOLS-Arquitectura\ejercicios\reto1-clean-arch-api-crud\rest-api\target\classes started by vladi in D:\TOOLS-Arquitectura\ejercicios\reto1-clean-arch-api-crud)
2025-09-17 00:38:14.017 [main] DEBUG org.litethinking.restapi.RestApiApplication - Running with Spring Boot v3.5.5, Spring v6.2.10
2025-09-17 00:38:14.018 [main] INFO  org.litethinking.restapi.RestApiApplication - No active profile set, falling back to 1 default profile: "default"
2025-09-17 00:38:14.737 [main] INFO  org.springframework.data.repository.config.RepositoryConfigurationDelegate - Bootstrapping Spring Data JPA repositories in DEFAULT mode.
2025-09-17 00:38:14.804 [main] INFO  org.springframework.data.repository.config.RepositoryConfigurationDelegate - Finished Spring Data repository scanning in 56 ms. Found 8 JPA repository interfaces.
2025-09-17 00:38:15.835 [main] INFO  org.springframework.boot.web.embedded.tomcat.TomcatWebServer - Tomcat initialized with port 8080 (http)
2025-09-17 00:38:15.851 [main] INFO  org.apache.coyote.http11.Http11NioProtocol - Initializing ProtocolHandler ["http-nio-8080"]
2025-09-17 00:38:15.853 [main] INFO  org.apache.catalina.core.StandardService - Starting service [Tomcat]
2025-09-17 00:38:15.853 [main] INFO  org.apache.catalina.core.StandardEngine - Starting Servlet engine: [Apache Tomcat/10.1.44]
2025-09-17 00:38:15.918 [main] INFO  org.apache.catalina.core.ContainerBase.[Tomcat].[localhost].[/] - Initializing Spring embedded WebApplicationContext
2025-09-17 00:38:15.919 [main] INFO  org.springframework.boot.web.servlet.context.ServletWebServerApplicationContext - Root WebApplicationContext: initialization completed in 1843 ms
2025-09-17 00:38:16.085 [main] INFO  org.hibernate.jpa.internal.util.LogHelper - HHH000204: Processing PersistenceUnitInfo [name: default]
2025-09-17 00:38:16.141 [main] INFO  org.hibernate.Version - HHH000412: Hibernate ORM core version 6.6.26.Final
2025-09-17 00:38:16.174 [main] INFO  org.hibernate.cache.internal.RegionFactoryInitiator - HHH000026: Second-level cache disabled
2025-09-17 00:38:16.477 [main] INFO  org.springframework.orm.jpa.persistenceunit.SpringPersistenceUnitInfo - No LoadTimeWeaver setup: ignoring JPA class transformer
2025-09-17 00:38:16.513 [main] INFO  com.zaxxer.hikari.HikariDataSource - HikariPool-1 - Starting...
2025-09-17 00:38:16.677 [main] INFO  com.zaxxer.hikari.pool.HikariPool - HikariPool-1 - Added connection conn0: url=jdbc:h2:mem:testdb user=SA
2025-09-17 00:38:16.679 [main] INFO  com.zaxxer.hikari.HikariDataSource - HikariPool-1 - Start completed.
2025-09-17 00:38:16.701 [main] WARN  org.hibernate.orm.deprecation - HHH90000025: H2Dialect does not need to be specified explicitly using 'hibernate.dialect' (remove the property setting and it will be selected by default)
2025-09-17 00:38:16.723 [main] INFO  org.hibernate.orm.connections.pooling - HHH10001005: Database info:
	Database JDBC URL [Connecting through datasource 'HikariDataSource (HikariPool-1)']
	Database driver: undefined/unknown
	Database version: 2.3.232
	Autocommit mode: undefined/unknown
	Isolation level: undefined/unknown
	Minimum pool size: undefined/unknown
	Maximum pool size: undefined/unknown
2025-09-17 00:38:17.890 [main] INFO  org.hibernate.engine.transaction.jta.platform.internal.JtaPlatformInitiator - HHH000489: No JTA platform available (set 'hibernate.transaction.jta.platform' to enable JTA platform integration)
2025-09-17 00:38:17.986 [main] INFO  org.springframework.orm.jpa.LocalContainerEntityManagerFactoryBean - Initialized JPA EntityManagerFactory for persistence unit 'default'
2025-09-17 00:38:18.405 [main] INFO  org.springframework.data.jpa.repository.query.QueryEnhancerFactory - Hibernate is in classpath; If applicable, HQL parser will be used.
2025-09-17 00:38:18.891 [main] INFO  org.litethinking.restapi.controller.supermercado.ControladorCajero - Controlador de Cajero inicializao y listo pa' usarse
2025-09-17 00:38:18.905 [main] INFO  org.litethinking.restapi.controller.supermercado.ControladorProducto - ControladorProducto inicializado
2025-09-17 00:38:18.909 [main] INFO  org.litethinking.restapi.controller.supermercado.venta.ControladorVenta - Sale Controller initialized and ready to work
2025-09-17 00:38:19.098 [main] WARN  org.springframework.boot.autoconfigure.orm.jpa.JpaBaseConfiguration$JpaWebConfiguration - spring.jpa.open-in-view is enabled by default. Therefore, database queries may be performed during view rendering. Explicitly configure spring.jpa.open-in-view to disable this warning
2025-09-17 00:38:19.972 [main] INFO  org.springframework.boot.autoconfigure.h2.H2ConsoleAutoConfiguration - H2 console available at '/h2-console'. Database available at 'jdbc:h2:mem:testdb'
2025-09-17 00:38:20.036 [main] INFO  org.apache.coyote.http11.Http11NioProtocol - Starting ProtocolHandler ["http-nio-8080"]
2025-09-17 00:38:20.053 [main] INFO  org.springframework.boot.web.embedded.tomcat.TomcatWebServer - Tomcat started on port 8080 (http) with context path '/'
2025-09-17 00:38:20.062 [main] INFO  org.litethinking.restapi.RestApiApplication - Started RestApiApplication in 6.572 seconds (process running for 8.275)
2025-09-17 00:38:20.226 [main] INFO  org.litethinking.restapi.RestApiApplication - REST API Application started successfully
2025-09-17 00:50:12.040 [SpringApplicationShutdownHook] INFO  org.springframework.boot.web.embedded.tomcat.GracefulShutdown - Commencing graceful shutdown. Waiting for active requests to complete
2025-09-17 00:50:12.052 [tomcat-shutdown] INFO  org.springframework.boot.web.embedded.tomcat.GracefulShutdown - Graceful shutdown complete
2025-09-17 00:50:12.059 [SpringApplicationShutdownHook] INFO  org.springframework.orm.jpa.LocalContainerEntityManagerFactoryBean - Closing JPA EntityManagerFactory for persistence unit 'default'
2025-09-17 00:50:12.063 [SpringApplicationShutdownHook] INFO  com.zaxxer.hikari.HikariDataSource - HikariPool-1 - Shutdown initiated...
2025-09-17 00:50:12.067 [SpringApplicationShutdownHook] INFO  com.zaxxer.hikari.HikariDataSource - HikariPool-1 - Shutdown completed.
2025-09-17 00:54:26.745 [main] INFO  org.litethinking.restapi.RestApiApplication - Starting REST API Application
2025-09-17 00:54:27.746 [background-preinit] INFO  org.hibernate.validator.internal.util.Version - HV000001: Hibernate Validator 8.0.3.Final
2025-09-17 00:54:27.864 [main] INFO  org.litethinking.restapi.RestApiApplication - Starting RestApiApplication using Java 24 with PID 22224 (D:\TOOLS-Arquitectura\ejercicios\reto1-clean-arch-api-crud\rest-api\target\classes started by vladi in D:\TOOLS-Arquitectura\ejercicios\reto1-clean-arch-api-crud)
2025-09-17 00:54:27.878 [main] DEBUG org.litethinking.restapi.RestApiApplication - Running with Spring Boot v3.5.5, Spring v6.2.10
2025-09-17 00:54:27.880 [main] INFO  org.litethinking.restapi.RestApiApplication - No active profile set, falling back to 1 default profile: "default"
2025-09-17 00:54:29.136 [main] INFO  org.springframework.data.repository.config.RepositoryConfigurationDelegate - Bootstrapping Spring Data JPA repositories in DEFAULT mode.
2025-09-17 00:54:29.235 [main] INFO  org.springframework.data.repository.config.RepositoryConfigurationDelegate - Finished Spring Data repository scanning in 83 ms. Found 8 JPA repository interfaces.
2025-09-17 00:54:30.539 [main] INFO  org.springframework.boot.web.embedded.tomcat.TomcatWebServer - Tomcat initialized with port 8080 (http)
2025-09-17 00:54:30.566 [main] INFO  org.apache.coyote.http11.Http11NioProtocol - Initializing ProtocolHandler ["http-nio-8080"]
2025-09-17 00:54:30.569 [main] INFO  org.apache.catalina.core.StandardService - Starting service [Tomcat]
2025-09-17 00:54:30.570 [main] INFO  org.apache.catalina.core.StandardEngine - Starting Servlet engine: [Apache Tomcat/10.1.44]
2025-09-17 00:54:30.664 [main] INFO  org.apache.catalina.core.ContainerBase.[Tomcat].[localhost].[/] - Initializing Spring embedded WebApplicationContext
2025-09-17 00:54:30.665 [main] INFO  org.springframework.boot.web.servlet.context.ServletWebServerApplicationContext - Root WebApplicationContext: initialization completed in 2652 ms
2025-09-17 00:54:30.999 [main] INFO  org.hibernate.jpa.internal.util.LogHelper - HHH000204: Processing PersistenceUnitInfo [name: default]
2025-09-17 00:54:31.113 [main] INFO  org.hibernate.Version - HHH000412: Hibernate ORM core version 6.6.26.Final
2025-09-17 00:54:31.198 [main] INFO  org.hibernate.cache.internal.RegionFactoryInitiator - HHH000026: Second-level cache disabled
2025-09-17 00:54:31.929 [main] INFO  org.springframework.orm.jpa.persistenceunit.SpringPersistenceUnitInfo - No LoadTimeWeaver setup: ignoring JPA class transformer
2025-09-17 00:54:32.002 [main] INFO  com.zaxxer.hikari.HikariDataSource - HikariPool-1 - Starting...
2025-09-17 00:54:32.324 [main] INFO  com.zaxxer.hikari.pool.HikariPool - HikariPool-1 - Added connection conn0: url=jdbc:h2:mem:testdb user=SA
2025-09-17 00:54:32.329 [main] INFO  com.zaxxer.hikari.HikariDataSource - HikariPool-1 - Start completed.
2025-09-17 00:54:32.380 [main] WARN  org.hibernate.orm.deprecation - HHH90000025: H2Dialect does not need to be specified explicitly using 'hibernate.dialect' (remove the property setting and it will be selected by default)
2025-09-17 00:54:32.434 [main] INFO  org.hibernate.orm.connections.pooling - HHH10001005: Database info:
	Database JDBC URL [Connecting through datasource 'HikariDataSource (HikariPool-1)']
	Database driver: undefined/unknown
	Database version: 2.3.232
	Autocommit mode: undefined/unknown
	Isolation level: undefined/unknown
	Minimum pool size: undefined/unknown
	Maximum pool size: undefined/unknown
2025-09-17 00:54:34.679 [main] INFO  org.hibernate.engine.transaction.jta.platform.internal.JtaPlatformInitiator - HHH000489: No JTA platform available (set 'hibernate.transaction.jta.platform' to enable JTA platform integration)
2025-09-17 00:54:34.823 [main] INFO  org.springframework.orm.jpa.LocalContainerEntityManagerFactoryBean - Initialized JPA EntityManagerFactory for persistence unit 'default'
2025-09-17 00:54:35.573 [main] INFO  org.springframework.data.jpa.repository.query.QueryEnhancerFactory - Hibernate is in classpath; If applicable, HQL parser will be used.
2025-09-17 00:54:36.264 [main] INFO  org.litethinking.restapi.controller.supermercado.ControladorCajero - Controlador de Cajero inicializao y listo pa' usarse
2025-09-17 00:54:36.276 [main] INFO  org.litethinking.restapi.controller.supermercado.ControladorProducto - ControladorProducto inicializado
2025-09-17 00:54:36.282 [main] INFO  org.litethinking.restapi.controller.supermercado.venta.ControladorVenta - Sale Controller initialized and ready to work
2025-09-17 00:54:36.558 [main] WARN  org.springframework.boot.autoconfigure.orm.jpa.JpaBaseConfiguration$JpaWebConfiguration - spring.jpa.open-in-view is enabled by default. Therefore, database queries may be performed during view rendering. Explicitly configure spring.jpa.open-in-view to disable this warning
2025-09-17 00:54:37.707 [main] INFO  org.springframework.boot.autoconfigure.h2.H2ConsoleAutoConfiguration - H2 console available at '/h2-console'. Database available at 'jdbc:h2:mem:testdb'
2025-09-17 00:54:37.833 [main] INFO  org.springframework.boot.web.embedded.tomcat.TomcatWebServer - Tomcat started on port 8080 (http) with context path '/'
2025-09-17 00:54:37.842 [main] INFO  org.litethinking.restapi.RestApiApplication - Started RestApiApplication in 10.956 seconds (process running for 13.862)
2025-09-17 00:54:37.844 [SpringApplicationShutdownHook] INFO  org.springframework.boot.web.embedded.tomcat.GracefulShutdown - Commencing graceful shutdown. Waiting for active requests to complete
2025-09-17 00:54:37.856 [tomcat-shutdown] INFO  org.springframework.boot.web.embedded.tomcat.GracefulShutdown - Graceful shutdown complete
2025-09-17 00:54:37.861 [SpringApplicationShutdownHook] INFO  org.springframework.orm.jpa.LocalContainerEntityManagerFactoryBean - Closing JPA EntityManagerFactory for persistence unit 'default'
2025-09-17 00:54:37.864 [SpringApplicationShutdownHook] INFO  com.zaxxer.hikari.HikariDataSource - HikariPool-1 - Shutdown initiated...
2025-09-17 00:54:37.866 [SpringApplicationShutdownHook] INFO  com.zaxxer.hikari.HikariDataSource - HikariPool-1 - Shutdown completed.
