2025-09-17 00:20:05.761 [main] INFO  org.litethinking.restapi.controller.supermercado.ControladorCajero - Controlador de Cajero inicializao y listo pa' usarse
2025-09-17 00:20:05.906 [main] INFO  org.hibernate.validator.internal.util.Version - HV000001: Hibernate Validator 8.0.3.Final
2025-09-17 00:20:06.382 [main] INFO  org.springframework.mock.web.MockServletContext - Initializing Spring TestDispatcherServlet ''
2025-09-17 00:20:06.382 [main] INFO  org.springframework.test.web.servlet.TestDispatcherServlet - Initializing Servlet ''
2025-09-17 00:20:06.385 [main] INFO  org.springframework.test.web.servlet.TestDispatcherServlet - Completed initialization in 3 ms
2025-09-17 00:20:06.489 [main] INFO  org.litethinking.restapi.controller.supermercado.ControladorCajero - Buscando cajero con código: CAJ001
2025-09-17 00:20:06.492 [main] DEBUG org.litethinking.restapi.controller.supermercado.ControladorCajero - Cajero encontrao por código: Juan Pérez
2025-09-17 00:20:06.637 [main] INFO  org.litethinking.restapi.controller.supermercado.ControladorCajero - Buscando cajero con código: CAJ999
2025-09-17 00:20:06.638 [main] WARN  org.litethinking.restapi.controller.supermercado.ControladorCajero - No se encontró ningún cajero con código: CAJ999
2025-09-17 00:20:06.656 [main] INFO  org.litethinking.restapi.controller.supermercado.ControladorCajero - Controlador de Cajero inicializao y listo pa' usarse
2025-09-17 00:20:06.674 [main] INFO  org.springframework.mock.web.MockServletContext - Initializing Spring TestDispatcherServlet ''
2025-09-17 00:20:06.674 [main] INFO  org.springframework.test.web.servlet.TestDispatcherServlet - Initializing Servlet ''
2025-09-17 00:20:06.675 [main] INFO  org.springframework.test.web.servlet.TestDispatcherServlet - Completed initialization in 0 ms
2025-09-17 00:20:06.676 [main] INFO  org.litethinking.restapi.controller.supermercado.ControladorCajero - Obteniendo toos los cajeros
2025-09-17 00:20:06.677 [main] DEBUG org.litethinking.restapi.controller.supermercado.ControladorCajero - Se encontraron 2 cajeros
2025-09-17 00:20:06.693 [main] INFO  org.litethinking.restapi.controller.supermercado.ControladorCajero - Controlador de Cajero inicializao y listo pa' usarse
2025-09-17 00:20:06.718 [main] INFO  org.springframework.mock.web.MockServletContext - Initializing Spring TestDispatcherServlet ''
2025-09-17 00:20:06.718 [main] INFO  org.springframework.test.web.servlet.TestDispatcherServlet - Initializing Servlet ''
2025-09-17 00:20:06.720 [main] INFO  org.springframework.test.web.servlet.TestDispatcherServlet - Completed initialization in 2 ms
2025-09-17 00:20:06.722 [main] INFO  org.litethinking.restapi.controller.supermercado.ControladorCajero - Buscando cajeros del turno: Mañana
2025-09-17 00:20:06.722 [main] DEBUG org.litethinking.restapi.controller.supermercado.ControladorCajero - Se encontraron 2 cajeros en el turno Mañana
2025-09-17 00:20:06.727 [main] INFO  org.litethinking.restapi.controller.supermercado.ControladorCajero - Buscando cajeros del turno: Noche
2025-09-17 00:20:06.728 [main] DEBUG org.litethinking.restapi.controller.supermercado.ControladorCajero - Se encontraron 0 cajeros en el turno Noche
2025-09-17 00:20:06.732 [main] INFO  org.litethinking.restapi.controller.supermercado.ControladorCajero - Controlador de Cajero inicializao y listo pa' usarse
2025-09-17 00:20:06.744 [main] INFO  org.springframework.mock.web.MockServletContext - Initializing Spring TestDispatcherServlet ''
2025-09-17 00:20:06.745 [main] INFO  org.springframework.test.web.servlet.TestDispatcherServlet - Initializing Servlet ''
2025-09-17 00:20:06.745 [main] INFO  org.springframework.test.web.servlet.TestDispatcherServlet - Completed initialization in 0 ms
2025-09-17 00:20:06.804 [main] INFO  org.litethinking.restapi.controller.supermercado.ControladorCajero - Creando un cajero nuevo con nombre: Juan Pérez
2025-09-17 00:20:06.805 [main] DEBUG org.litethinking.restapi.controller.supermercado.ControladorCajero - Cajero creao exitosamente con ID: 1
2025-09-17 00:20:06.810 [main] INFO  org.litethinking.restapi.controller.supermercado.ControladorCajero - Controlador de Cajero inicializao y listo pa' usarse
2025-09-17 00:20:06.822 [main] INFO  org.springframework.mock.web.MockServletContext - Initializing Spring TestDispatcherServlet ''
2025-09-17 00:20:06.823 [main] INFO  org.springframework.test.web.servlet.TestDispatcherServlet - Initializing Servlet ''
2025-09-17 00:20:06.823 [main] INFO  org.springframework.test.web.servlet.TestDispatcherServlet - Completed initialization in 0 ms
2025-09-17 00:20:06.827 [main] INFO  org.litethinking.restapi.controller.supermercado.ControladorCajero - Buscando cajero con ID: 1
2025-09-17 00:20:06.827 [main] DEBUG org.litethinking.restapi.controller.supermercado.ControladorCajero - Cajero encontrao: Juan Pérez
2025-09-17 00:20:06.831 [main] INFO  org.litethinking.restapi.controller.supermercado.ControladorCajero - Buscando cajero con ID: 2
2025-09-17 00:20:06.831 [main] WARN  org.litethinking.restapi.controller.supermercado.ControladorCajero - No se encontró ningún cajero con ID: 2
2025-09-17 00:20:06.835 [main] INFO  org.litethinking.restapi.controller.supermercado.ControladorCajero - Controlador de Cajero inicializao y listo pa' usarse
2025-09-17 00:20:06.846 [main] INFO  org.springframework.mock.web.MockServletContext - Initializing Spring TestDispatcherServlet ''
2025-09-17 00:20:06.846 [main] INFO  org.springframework.test.web.servlet.TestDispatcherServlet - Initializing Servlet ''
2025-09-17 00:20:06.847 [main] INFO  org.springframework.test.web.servlet.TestDispatcherServlet - Completed initialization in 1 ms
2025-09-17 00:20:06.848 [main] INFO  org.litethinking.restapi.controller.supermercado.ControladorCajero - Eliminando cajero con ID: 1
2025-09-17 00:20:06.849 [main] DEBUG org.litethinking.restapi.controller.supermercado.ControladorCajero - Cajero eliminao exitosamente
2025-09-17 00:20:06.854 [main] INFO  org.litethinking.restapi.controller.supermercado.ControladorCajero - Controlador de Cajero inicializao y listo pa' usarse
2025-09-17 00:20:06.866 [main] INFO  org.springframework.mock.web.MockServletContext - Initializing Spring TestDispatcherServlet ''
2025-09-17 00:20:06.866 [main] INFO  org.springframework.test.web.servlet.TestDispatcherServlet - Initializing Servlet ''
2025-09-17 00:20:06.867 [main] INFO  org.springframework.test.web.servlet.TestDispatcherServlet - Completed initialization in 1 ms
2025-09-17 00:20:06.872 [main] INFO  org.litethinking.restapi.controller.supermercado.ControladorCajero - Actualizando el cajero con ID: 1
2025-09-17 00:20:06.873 [main] DEBUG org.litethinking.restapi.controller.supermercado.ControladorCajero - Cajero actualizao exitosamente: Juan Pérez Actualizado
2025-09-17 00:20:06.963 [main] INFO  org.springframework.mock.web.MockServletContext - Initializing Spring TestDispatcherServlet ''
2025-09-17 00:20:06.963 [main] INFO  org.springframework.test.web.servlet.TestDispatcherServlet - Initializing Servlet ''
2025-09-17 00:20:06.964 [main] INFO  org.springframework.test.web.servlet.TestDispatcherServlet - Completed initialization in 1 ms
2025-09-17 00:20:06.994 [main] INFO  org.springframework.mock.web.MockServletContext - Initializing Spring TestDispatcherServlet ''
2025-09-17 00:20:06.994 [main] INFO  org.springframework.test.web.servlet.TestDispatcherServlet - Initializing Servlet ''
2025-09-17 00:20:06.994 [main] INFO  org.springframework.test.web.servlet.TestDispatcherServlet - Completed initialization in 0 ms
2025-09-17 00:20:07.014 [main] INFO  org.springframework.mock.web.MockServletContext - Initializing Spring TestDispatcherServlet ''
2025-09-17 00:20:07.015 [main] INFO  org.springframework.test.web.servlet.TestDispatcherServlet - Initializing Servlet ''
2025-09-17 00:20:07.015 [main] INFO  org.springframework.test.web.servlet.TestDispatcherServlet - Completed initialization in 0 ms
2025-09-17 00:20:07.038 [main] INFO  org.springframework.mock.web.MockServletContext - Initializing Spring TestDispatcherServlet ''
2025-09-17 00:20:07.038 [main] INFO  org.springframework.test.web.servlet.TestDispatcherServlet - Initializing Servlet ''
2025-09-17 00:20:07.038 [main] INFO  org.springframework.test.web.servlet.TestDispatcherServlet - Completed initialization in 0 ms
2025-09-17 00:20:07.079 [main] INFO  org.springframework.mock.web.MockServletContext - Initializing Spring TestDispatcherServlet ''
2025-09-17 00:20:07.079 [main] INFO  org.springframework.test.web.servlet.TestDispatcherServlet - Initializing Servlet ''
2025-09-17 00:20:07.080 [main] INFO  org.springframework.test.web.servlet.TestDispatcherServlet - Completed initialization in 0 ms
2025-09-17 00:20:07.104 [main] INFO  org.springframework.mock.web.MockServletContext - Initializing Spring TestDispatcherServlet ''
2025-09-17 00:20:07.104 [main] INFO  org.springframework.test.web.servlet.TestDispatcherServlet - Initializing Servlet ''
2025-09-17 00:20:07.105 [main] INFO  org.springframework.test.web.servlet.TestDispatcherServlet - Completed initialization in 1 ms
2025-09-17 00:20:07.124 [main] INFO  org.springframework.mock.web.MockServletContext - Initializing Spring TestDispatcherServlet ''
2025-09-17 00:20:07.124 [main] INFO  org.springframework.test.web.servlet.TestDispatcherServlet - Initializing Servlet ''
2025-09-17 00:20:07.124 [main] INFO  org.springframework.test.web.servlet.TestDispatcherServlet - Completed initialization in 0 ms
2025-09-17 00:20:07.189 [main] INFO  org.litethinking.restapi.controller.supermercado.ControladorProducto - ControladorProducto inicializado
2025-09-17 00:20:07.236 [main] INFO  org.springframework.mock.web.MockServletContext - Initializing Spring TestDispatcherServlet ''
2025-09-17 00:20:07.236 [main] INFO  org.springframework.test.web.servlet.TestDispatcherServlet - Initializing Servlet ''
2025-09-17 00:20:07.236 [main] INFO  org.springframework.test.web.servlet.TestDispatcherServlet - Completed initialization in 0 ms
2025-09-17 00:20:07.255 [main] INFO  org.litethinking.restapi.controller.supermercado.ControladorProducto - ControladorProducto inicializado
2025-09-17 00:20:07.267 [main] INFO  org.springframework.mock.web.MockServletContext - Initializing Spring TestDispatcherServlet ''
2025-09-17 00:20:07.267 [main] INFO  org.springframework.test.web.servlet.TestDispatcherServlet - Initializing Servlet ''
2025-09-17 00:20:07.267 [main] INFO  org.springframework.test.web.servlet.TestDispatcherServlet - Completed initialization in 0 ms
2025-09-17 00:20:07.269 [main] DEBUG org.litethinking.restapi.controller.supermercado.ControladorProducto - Obteniendo lista de todos los productos
2025-09-17 00:20:07.270 [main] INFO  org.litethinking.restapi.controller.supermercado.ControladorProducto - Se encontraron 2 productos en total
2025-09-17 00:20:07.270 [main] DEBUG org.litethinking.restapi.controller.supermercado.ControladorProducto - Categorías encontradas: Categoría 1, Categoría 2
2025-09-17 00:20:07.279 [main] INFO  org.litethinking.restapi.controller.supermercado.ControladorProducto - ControladorProducto inicializado
2025-09-17 00:20:07.287 [main] INFO  org.springframework.mock.web.MockServletContext - Initializing Spring TestDispatcherServlet ''
2025-09-17 00:20:07.287 [main] INFO  org.springframework.test.web.servlet.TestDispatcherServlet - Initializing Servlet ''
2025-09-17 00:20:07.287 [main] INFO  org.springframework.test.web.servlet.TestDispatcherServlet - Completed initialization in 0 ms
2025-09-17 00:20:07.300 [main] INFO  org.litethinking.restapi.controller.supermercado.ControladorProducto - ControladorProducto inicializado
2025-09-17 00:20:07.312 [main] INFO  org.springframework.mock.web.MockServletContext - Initializing Spring TestDispatcherServlet ''
2025-09-17 00:20:07.312 [main] INFO  org.springframework.test.web.servlet.TestDispatcherServlet - Initializing Servlet ''
2025-09-17 00:20:07.312 [main] INFO  org.springframework.test.web.servlet.TestDispatcherServlet - Completed initialization in 0 ms
2025-09-17 00:20:07.321 [main] INFO  org.litethinking.restapi.controller.supermercado.ControladorProducto - Creando nuevo producto: Producto 1
2025-09-17 00:20:07.321 [main] INFO  org.litethinking.restapi.controller.supermercado.ControladorProducto - Producto creado con ID: 1
2025-09-17 00:20:07.332 [main] INFO  org.litethinking.restapi.controller.supermercado.ControladorProducto - ControladorProducto inicializado
2025-09-17 00:20:07.342 [main] INFO  org.springframework.mock.web.MockServletContext - Initializing Spring TestDispatcherServlet ''
2025-09-17 00:20:07.343 [main] INFO  org.springframework.test.web.servlet.TestDispatcherServlet - Initializing Servlet ''
2025-09-17 00:20:07.344 [main] INFO  org.springframework.test.web.servlet.TestDispatcherServlet - Completed initialization in 0 ms
2025-09-17 00:20:07.359 [main] INFO  org.litethinking.restapi.controller.supermercado.ControladorProducto - ControladorProducto inicializado
2025-09-17 00:20:07.375 [main] INFO  org.springframework.mock.web.MockServletContext - Initializing Spring TestDispatcherServlet ''
2025-09-17 00:20:07.375 [main] INFO  org.springframework.test.web.servlet.TestDispatcherServlet - Initializing Servlet ''
2025-09-17 00:20:07.375 [main] INFO  org.springframework.test.web.servlet.TestDispatcherServlet - Completed initialization in 0 ms
2025-09-17 00:20:07.378 [main] DEBUG org.litethinking.restapi.controller.supermercado.ControladorProducto - Buscando producto con ID: 1
2025-09-17 00:20:07.378 [main] INFO  org.litethinking.restapi.controller.supermercado.ControladorProducto - Producto encontrado: ID=1, Nombre=Producto 1
2025-09-17 00:20:07.384 [main] DEBUG org.litethinking.restapi.controller.supermercado.ControladorProducto - Buscando producto con ID: 2
2025-09-17 00:20:07.385 [main] WARN  org.litethinking.restapi.controller.supermercado.ControladorProducto - Producto no encontrado con ID: 2
2025-09-17 00:20:07.388 [main] INFO  org.litethinking.restapi.controller.supermercado.ControladorProducto - ControladorProducto inicializado
2025-09-17 00:20:07.400 [main] INFO  org.springframework.mock.web.MockServletContext - Initializing Spring TestDispatcherServlet ''
2025-09-17 00:20:07.404 [main] INFO  org.springframework.test.web.servlet.TestDispatcherServlet - Initializing Servlet ''
2025-09-17 00:20:07.405 [main] INFO  org.springframework.test.web.servlet.TestDispatcherServlet - Completed initialization in 0 ms
2025-09-17 00:20:07.406 [main] INFO  org.litethinking.restapi.controller.supermercado.ControladorProducto - Eliminando producto con ID: 1
2025-09-17 00:20:07.407 [main] INFO  org.litethinking.restapi.controller.supermercado.ControladorProducto - Producto eliminado con ID: 1
2025-09-17 00:20:07.483 [main] INFO  org.springframework.mock.web.MockServletContext - Initializing Spring TestDispatcherServlet ''
2025-09-17 00:20:07.483 [main] INFO  org.springframework.test.web.servlet.TestDispatcherServlet - Initializing Servlet ''
2025-09-17 00:20:07.483 [main] INFO  org.springframework.test.web.servlet.TestDispatcherServlet - Completed initialization in 0 ms
2025-09-17 00:20:07.516 [main] INFO  org.springframework.mock.web.MockServletContext - Initializing Spring TestDispatcherServlet ''
2025-09-17 00:20:07.516 [main] INFO  org.springframework.test.web.servlet.TestDispatcherServlet - Initializing Servlet ''
2025-09-17 00:20:07.516 [main] INFO  org.springframework.test.web.servlet.TestDispatcherServlet - Completed initialization in 0 ms
2025-09-17 00:20:07.548 [main] INFO  org.springframework.mock.web.MockServletContext - Initializing Spring TestDispatcherServlet ''
2025-09-17 00:20:07.548 [main] INFO  org.springframework.test.web.servlet.TestDispatcherServlet - Initializing Servlet ''
2025-09-17 00:20:07.549 [main] INFO  org.springframework.test.web.servlet.TestDispatcherServlet - Completed initialization in 0 ms
2025-09-17 00:20:07.598 [main] INFO  org.springframework.mock.web.MockServletContext - Initializing Spring TestDispatcherServlet ''
2025-09-17 00:20:07.598 [main] INFO  org.springframework.test.web.servlet.TestDispatcherServlet - Initializing Servlet ''
2025-09-17 00:20:07.598 [main] INFO  org.springframework.test.web.servlet.TestDispatcherServlet - Completed initialization in 0 ms
2025-09-17 00:20:07.634 [main] INFO  org.springframework.mock.web.MockServletContext - Initializing Spring TestDispatcherServlet ''
2025-09-17 00:20:07.634 [main] INFO  org.springframework.test.web.servlet.TestDispatcherServlet - Initializing Servlet ''
2025-09-17 00:20:07.634 [main] INFO  org.springframework.test.web.servlet.TestDispatcherServlet - Completed initialization in 0 ms
2025-09-17 00:20:07.660 [main] INFO  org.springframework.mock.web.MockServletContext - Initializing Spring TestDispatcherServlet ''
2025-09-17 00:20:07.661 [main] INFO  org.springframework.test.web.servlet.TestDispatcherServlet - Initializing Servlet ''
2025-09-17 00:20:07.662 [main] INFO  org.springframework.test.web.servlet.TestDispatcherServlet - Completed initialization in 1 ms
2025-09-17 00:20:07.733 [main] INFO  org.litethinking.restapi.controller.supermercado.venta.ControladorVenta - Sale Controller initialized and ready to work
2025-09-17 00:20:07.748 [main] INFO  org.springframework.mock.web.MockServletContext - Initializing Spring TestDispatcherServlet ''
2025-09-17 00:20:07.748 [main] INFO  org.springframework.test.web.servlet.TestDispatcherServlet - Initializing Servlet ''
2025-09-17 00:20:07.749 [main] INFO  org.springframework.test.web.servlet.TestDispatcherServlet - Completed initialization in 1 ms
2025-09-17 00:20:07.751 [main] INFO  org.litethinking.restapi.controller.supermercado.venta.ControladorVenta - Finding sales for customer: Juan Pérez
2025-09-17 00:20:07.752 [main] INFO  org.litethinking.restapi.controller.supermercado.venta.ControladorVenta - Found 2 sales for customer: Juan Pérez
2025-09-17 00:20:07.752 [main] DEBUG org.litethinking.restapi.controller.supermercado.venta.ControladorVenta - Sale ID: 1, Customer: Juan Pérez, Total: $100.00, Date: 2025-09-17T00:20:07.749654500
2025-09-17 00:20:07.752 [main] DEBUG org.litethinking.restapi.controller.supermercado.venta.ControladorVenta - Sale ID: 3, Customer: Juan Pérez, Total: $300.00, Date: 2025-09-16T00:20:07.749654500
2025-09-17 00:20:07.766 [main] INFO  org.litethinking.restapi.controller.supermercado.venta.ControladorVenta - Sale Controller initialized and ready to work
2025-09-17 00:20:07.779 [main] INFO  org.springframework.mock.web.MockServletContext - Initializing Spring TestDispatcherServlet ''
2025-09-17 00:20:07.779 [main] INFO  org.springframework.test.web.servlet.TestDispatcherServlet - Initializing Servlet ''
2025-09-17 00:20:07.779 [main] INFO  org.springframework.test.web.servlet.TestDispatcherServlet - Completed initialization in 0 ms
2025-09-17 00:20:07.789 [main] INFO  org.litethinking.restapi.controller.supermercado.venta.ControladorVenta - Finding sales between 2025-09-15T00:20:07.780004 and 2025-09-17T00:20:07.780004
2025-09-17 00:20:07.789 [main] INFO  org.litethinking.restapi.controller.supermercado.venta.ControladorVenta - Found 2 sales between those dates
2025-09-17 00:20:07.796 [main] INFO  org.litethinking.restapi.controller.supermercado.venta.ControladorVenta - Total sold in that period: $300.0
2025-09-17 00:20:07.798 [main] DEBUG org.litethinking.restapi.controller.supermercado.venta.ControladorVenta - Sale IDs found: 1, 2
2025-09-17 00:20:07.813 [main] INFO  org.litethinking.restapi.controller.supermercado.venta.ControladorVenta - Sale Controller initialized and ready to work
2025-09-17 00:20:07.836 [main] INFO  org.springframework.mock.web.MockServletContext - Initializing Spring TestDispatcherServlet ''
2025-09-17 00:20:07.837 [main] INFO  org.springframework.test.web.servlet.TestDispatcherServlet - Initializing Servlet ''
2025-09-17 00:20:07.837 [main] INFO  org.springframework.test.web.servlet.TestDispatcherServlet - Completed initialization in 0 ms
2025-09-17 00:20:07.852 [main] INFO  org.litethinking.restapi.controller.supermercado.venta.ControladorVenta - Updating sale with ID: 1, Customer: Juan Pérez Actualizado
2025-09-17 00:20:07.853 [main] INFO  org.litethinking.restapi.controller.supermercado.venta.ControladorVenta - Sale updated successfully! ID: 1, Customer: Juan Pérez Actualizado, New Total: $150.00
2025-09-17 00:20:07.864 [main] INFO  org.litethinking.restapi.controller.supermercado.venta.ControladorVenta - Sale Controller initialized and ready to work
2025-09-17 00:20:07.872 [main] INFO  org.springframework.mock.web.MockServletContext - Initializing Spring TestDispatcherServlet ''
2025-09-17 00:20:07.872 [main] INFO  org.springframework.test.web.servlet.TestDispatcherServlet - Initializing Servlet ''
2025-09-17 00:20:07.872 [main] INFO  org.springframework.test.web.servlet.TestDispatcherServlet - Completed initialization in 0 ms
2025-09-17 00:20:07.873 [main] DEBUG org.litethinking.restapi.controller.supermercado.venta.ControladorVenta - Finding all sales
2025-09-17 00:20:07.874 [main] INFO  org.litethinking.restapi.controller.supermercado.venta.ControladorVenta - Found 2 sales in total
2025-09-17 00:20:07.874 [main] DEBUG org.litethinking.restapi.controller.supermercado.venta.ControladorVenta - Sale ID: 1, Customer: Juan Pérez, Total: $100.00, Date: 2025-09-17T00:20:07.872335500
2025-09-17 00:20:07.874 [main] DEBUG org.litethinking.restapi.controller.supermercado.venta.ControladorVenta - Sale ID: 2, Customer: María López, Total: $200.00, Date: 2025-09-16T00:20:07.872335500
2025-09-17 00:20:07.885 [main] INFO  org.litethinking.restapi.controller.supermercado.venta.ControladorVenta - Sale Controller initialized and ready to work
2025-09-17 00:20:07.896 [main] INFO  org.springframework.mock.web.MockServletContext - Initializing Spring TestDispatcherServlet ''
2025-09-17 00:20:07.897 [main] INFO  org.springframework.test.web.servlet.TestDispatcherServlet - Initializing Servlet ''
2025-09-17 00:20:07.897 [main] INFO  org.springframework.test.web.servlet.TestDispatcherServlet - Completed initialization in 0 ms
2025-09-17 00:20:07.903 [main] INFO  org.litethinking.restapi.controller.supermercado.venta.ControladorVenta - Creating new sale for customer: Juan Pérez
2025-09-17 00:20:07.903 [main] INFO  org.litethinking.restapi.controller.supermercado.venta.ControladorVenta - Sale created successfully! ID: 1, Customer: Juan Pérez, Total: $100.00
2025-09-17 00:20:07.912 [main] INFO  org.litethinking.restapi.controller.supermercado.venta.ControladorVenta - Sale Controller initialized and ready to work
2025-09-17 00:20:07.922 [main] INFO  org.springframework.mock.web.MockServletContext - Initializing Spring TestDispatcherServlet ''
2025-09-17 00:20:07.922 [main] INFO  org.springframework.test.web.servlet.TestDispatcherServlet - Initializing Servlet ''
2025-09-17 00:20:07.922 [main] INFO  org.springframework.test.web.servlet.TestDispatcherServlet - Completed initialization in 0 ms
2025-09-17 00:20:07.924 [main] INFO  org.litethinking.restapi.controller.supermercado.venta.ControladorVenta - Deleting sale with ID: 1
2025-09-17 00:20:07.924 [main] INFO  org.litethinking.restapi.controller.supermercado.venta.ControladorVenta - Sale deleted successfully! ID: 1
2025-09-17 00:20:07.928 [main] INFO  org.litethinking.restapi.controller.supermercado.venta.ControladorVenta - Sale Controller initialized and ready to work
2025-09-17 00:20:07.938 [main] INFO  org.springframework.mock.web.MockServletContext - Initializing Spring TestDispatcherServlet ''
2025-09-17 00:20:07.938 [main] INFO  org.springframework.test.web.servlet.TestDispatcherServlet - Initializing Servlet ''
2025-09-17 00:20:07.938 [main] INFO  org.springframework.test.web.servlet.TestDispatcherServlet - Completed initialization in 0 ms
2025-09-17 00:20:07.941 [main] INFO  org.litethinking.restapi.controller.supermercado.venta.ControladorVenta - Finding sales with payment method: Efectivo
2025-09-17 00:20:07.942 [main] INFO  org.litethinking.restapi.controller.supermercado.venta.ControladorVenta - Found 2 sales with payment method 'Efectivo'
2025-09-17 00:20:07.942 [main] INFO  org.litethinking.restapi.controller.supermercado.venta.ControladorVenta - Total sold with Efectivo: $500.0
2025-09-17 00:20:07.943 [main] DEBUG org.litethinking.restapi.controller.supermercado.venta.ControladorVenta - Sale ID: 1, Customer: Juan Pérez, Total: $100.00, Date: 2025-09-17T00:20:07.939731300
2025-09-17 00:20:07.943 [main] DEBUG org.litethinking.restapi.controller.supermercado.venta.ControladorVenta - Sale ID: 4, Customer: Ana Gómez, Total: $400.00, Date: 2025-09-16T00:20:07.939731300
2025-09-17 00:20:07.952 [main] INFO  org.litethinking.restapi.controller.supermercado.venta.ControladorVenta - Sale Controller initialized and ready to work
2025-09-17 00:20:07.960 [main] INFO  org.springframework.mock.web.MockServletContext - Initializing Spring TestDispatcherServlet ''
2025-09-17 00:20:07.960 [main] INFO  org.springframework.test.web.servlet.TestDispatcherServlet - Initializing Servlet ''
2025-09-17 00:20:07.960 [main] INFO  org.springframework.test.web.servlet.TestDispatcherServlet - Completed initialization in 0 ms
2025-09-17 00:20:07.963 [main] DEBUG org.litethinking.restapi.controller.supermercado.venta.ControladorVenta - Finding sale with ID: 1
2025-09-17 00:20:07.963 [main] INFO  org.litethinking.restapi.controller.supermercado.venta.ControladorVenta - Sale found! ID: 1, Customer: Juan Pérez, Total: $100.00
2025-09-17 00:20:07.969 [main] DEBUG org.litethinking.restapi.controller.supermercado.venta.ControladorVenta - Finding sale with ID: 2
2025-09-17 00:20:07.969 [main] WARN  org.litethinking.restapi.controller.supermercado.venta.ControladorVenta - No sale found with ID: 2
